<?xml version="1.0" encoding="UTF-8"?>
<testsuite xmlns:xsi="http://www.w3.org/2001/XMLSchema-instance" xsi:noNamespaceSchemaLocation="https://maven.apache.org/surefire/maven-surefire-plugin/xsd/surefire-test-report.xsd" version="3.0.2" name="com.gruppeM.producer.ProducerServiceTest" time="1.159" tests="2" errors="0" skipped="0" failures="0">
  <properties>
[...]
</properties>
  <testcase name="produce_sendsProducerMessage_withCorrectTypeAndAssociation" classname="com.gruppeM.producer.ProducerServiceTest" time="1.109">
    <system-out><![CDATA[22:38:42.865 [main] INFO com.gruppeM.producer.ProducerApplication -- Sent to energy.input: EnergyMessage{type='PRODUCER', association='COMMUNITY', kwh=1.8691546924543152, datetime=2025-06-25T20:38:42.820674800Z}
]]></system-out>
    <system-err><![CDATA[Mockito is currently self-attaching to enable the inline-mock-maker. This will no longer work in future releases of the JDK. Please add Mockito as an agent to your build what is described in Mockito's documentation: https://javadoc.io/doc/org.mockito/mockito-core/latest/org/mockito/Mockito.html#0.3
WARNING: A Java agent has been loaded dynamically (C:\Users\Windows 10\.m2\repository\net\bytebuddy\byte-buddy-agent\1.15.11\byte-buddy-agent-1.15.11.jar)
WARNING: If a serviceability tool is in use, please run with -XX:+EnableDynamicAgentLoading to hide this warning
WARNING: If a serviceability tool is not in use, please run with -Djdk.instrument.traceUsage for more information
WARNING: Dynamic loading of agents will be disallowed by default in a future release
]]></system-err>
  </testcase>
  <testcase name="produce_kwhInExpectedRange" classname="com.gruppeM.producer.ProducerServiceTest" time="0.022">
    <system-out><![CDATA[22:38:42.949 [main] INFO com.gruppeM.producer.ProducerApplication -- Sent to energy.input: EnergyMessage{type='PRODUCER', association='COMMUNITY', kwh=1.9199085964494198, datetime=2025-06-25T20:38:42.948676700Z}
22:38:42.955 [main] INFO com.gruppeM.producer.ProducerApplication -- Sent to energy.input: EnergyMessage{type='PRODUCER', association='COMMUNITY', kwh=1.6701344995280138, datetime=2025-06-25T20:38:42.955675400Z}
22:38:42.957 [main] INFO com.gruppeM.producer.ProducerApplication -- Sent to energy.input: EnergyMessage{type='PRODUCER', association='COMMUNITY', kwh=1.8182236059506747, datetime=2025-06-25T20:38:42.956675700Z}
22:38:42.958 [main] INFO com.gruppeM.producer.ProducerApplication -- Sent to energy.input: EnergyMessage{type='PRODUCER', association='COMMUNITY', kwh=0.9576966422973572, datetime=2025-06-25T20:38:42.957674900Z}
22:38:42.958 [main] INFO com.gruppeM.producer.ProducerApplication -- Sent to energy.input: EnergyMessage{type='PRODUCER', association='COMMUNITY', kwh=0.6264407375622214, datetime=2025-06-25T20:38:42.958673Z}
22:38:42.959 [main] INFO com.gruppeM.producer.ProducerApplication -- Sent to energy.input: EnergyMessage{type='PRODUCER', association='COMMUNITY', kwh=0.9885701632480857, datetime=2025-06-25T20:38:42.959174700Z}
22:38:42.960 [main] INFO com.gruppeM.producer.ProducerApplication -- Sent to energy.input: EnergyMessage{type='PRODUCER', association='COMMUNITY', kwh=1.383394477969279, datetime=2025-06-25T20:38:42.960175400Z}
22:38:42.961 [main] INFO com.gruppeM.producer.ProducerApplication -- Sent to energy.input: EnergyMessage{type='PRODUCER', association='COMMUNITY', kwh=0.5914366827229689, datetime=2025-06-25T20:38:42.961175100Z}
22:38:42.961 [main] INFO com.gruppeM.producer.ProducerApplication -- Sent to energy.input: EnergyMessage{type='PRODUCER', association='COMMUNITY', kwh=0.6246655343735654, datetime=2025-06-25T20:38:42.961675Z}
22:38:42.962 [main] INFO com.gruppeM.producer.ProducerApplication -- Sent to energy.input: EnergyMessage{type='PRODUCER', association='COMMUNITY', kwh=1.9919669621597842, datetime=2025-06-25T20:38:42.962173400Z}
22:38:42.963 [main] INFO com.gruppeM.producer.ProducerApplication -- Sent to energy.input: EnergyMessage{type='PRODUCER', association='COMMUNITY', kwh=0.1487802408131107, datetime=2025-06-25T20:38:42.963175900Z}
22:38:42.963 [main] INFO com.gruppeM.producer.ProducerApplication -- Sent to energy.input: EnergyMessage{type='PRODUCER', association='COMMUNITY', kwh=1.9526483326409185, datetime=2025-06-25T20:38:42.963675800Z}
22:38:42.964 [main] INFO com.gruppeM.producer.ProducerApplication -- Sent to energy.input: EnergyMessage{type='PRODUCER', association='COMMUNITY', kwh=0.42821799317591935, datetime=2025-06-25T20:38:42.964174600Z}
22:38:42.964 [main] INFO com.gruppeM.producer.ProducerApplication -- Sent to energy.input: EnergyMessage{type='PRODUCER', association='COMMUNITY', kwh=0.040515788813840325, datetime=2025-06-25T20:38:42.964675600Z}
22:38:42.965 [main] INFO com.gruppeM.producer.ProducerApplication -- Sent to energy.input: EnergyMessage{type='PRODUCER', association='COMMUNITY', kwh=0.17913373989872783, datetime=2025-06-25T20:38:42.965173700Z}
22:38:42.965 [main] INFO com.gruppeM.producer.ProducerApplication -- Sent to energy.input: EnergyMessage{type='PRODUCER', association='COMMUNITY', kwh=0.06099478381780288, datetime=2025-06-25T20:38:42.965675100Z}
22:38:42.966 [main] INFO com.gruppeM.producer.ProducerApplication -- Sent to energy.input: EnergyMessage{type='PRODUCER', association='COMMUNITY', kwh=0.6104864326700898, datetime=2025-06-25T20:38:42.966173600Z}
22:38:42.967 [main] INFO com.gruppeM.producer.ProducerApplication -- Sent to energy.input: EnergyMessage{type='PRODUCER', association='COMMUNITY', kwh=0.47259297124191013, datetime=2025-06-25T20:38:42.967173500Z}
22:38:42.967 [main] INFO com.gruppeM.producer.ProducerApplication -- Sent to energy.input: EnergyMessage{type='PRODUCER', association='COMMUNITY', kwh=1.516846983269858, datetime=2025-06-25T20:38:42.967673900Z}
22:38:42.968 [main] INFO com.gruppeM.producer.ProducerApplication -- Sent to energy.input: EnergyMessage{type='PRODUCER', association='COMMUNITY', kwh=0.6419537314157191, datetime=2025-06-25T20:38:42.968174300Z}
]]></system-out>
  </testcase>
</testsuite>