<?xml version="1.0" encoding="UTF-8"?>
<testsuite xmlns:xsi="http://www.w3.org/2001/XMLSchema-instance" xsi:noNamespaceSchemaLocation="https://maven.apache.org/surefire/maven-surefire-plugin/xsd/surefire-test-report.xsd" version="3.0.2" name="com.gruppeM.producer.ProducerServiceTest" time="1.212" tests="2" errors="0" skipped="0" failures="0">
  <properties>
[...]
</properties>
  <testcase name="produce_sendsProducerMessage_withCorrectTypeAndAssociation" classname="com.gruppeM.producer.ProducerServiceTest" time="1.157">
    <system-out><![CDATA[02:40:09.215 [main] INFO com.gruppeM.producer.ProducerApplication -- Sent to energy.input: EnergyMessage{type='PRODUCER', association='COMMUNITY', kwh=1.5014504671316389, datetime=2025-06-26T00:40:09.172223200Z}
]]></system-out>
    <system-err><![CDATA[Mockito is currently self-attaching to enable the inline-mock-maker. This will no longer work in future releases of the JDK. Please add Mockito as an agent to your build what is described in Mockito's documentation: https://javadoc.io/doc/org.mockito/mockito-core/latest/org/mockito/Mockito.html#0.3
WARNING: A Java agent has been loaded dynamically (C:\Users\Windows 10\.m2\repository\net\bytebuddy\byte-buddy-agent\1.15.11\byte-buddy-agent-1.15.11.jar)
WARNING: If a serviceability tool is in use, please run with -XX:+EnableDynamicAgentLoading to hide this warning
WARNING: If a serviceability tool is not in use, please run with -Djdk.instrument.traceUsage for more information
WARNING: Dynamic loading of agents will be disallowed by default in a future release
]]></system-err>
  </testcase>
  <testcase name="produce_kwhInExpectedRange" classname="com.gruppeM.producer.ProducerServiceTest" time="0.027">
    <system-out><![CDATA[02:40:09.312 [main] INFO com.gruppeM.producer.ProducerApplication -- Sent to energy.input: EnergyMessage{type='PRODUCER', association='COMMUNITY', kwh=0.12708266867568807, datetime=2025-06-26T00:40:09.312224200Z}
02:40:09.319 [main] INFO com.gruppeM.producer.ProducerApplication -- Sent to energy.input: EnergyMessage{type='PRODUCER', association='COMMUNITY', kwh=0.8520515163239804, datetime=2025-06-26T00:40:09.319723Z}
02:40:09.321 [main] INFO com.gruppeM.producer.ProducerApplication -- Sent to energy.input: EnergyMessage{type='PRODUCER', association='COMMUNITY', kwh=1.7378512185358648, datetime=2025-06-26T00:40:09.320722600Z}
02:40:09.322 [main] INFO com.gruppeM.producer.ProducerApplication -- Sent to energy.input: EnergyMessage{type='PRODUCER', association='COMMUNITY', kwh=1.1758879745075992, datetime=2025-06-26T00:40:09.321722900Z}
02:40:09.323 [main] INFO com.gruppeM.producer.ProducerApplication -- Sent to energy.input: EnergyMessage{type='PRODUCER', association='COMMUNITY', kwh=0.8279030500473863, datetime=2025-06-26T00:40:09.322722100Z}
02:40:09.324 [main] INFO com.gruppeM.producer.ProducerApplication -- Sent to energy.input: EnergyMessage{type='PRODUCER', association='COMMUNITY', kwh=1.8320530932481467, datetime=2025-06-26T00:40:09.323723500Z}
02:40:09.324 [main] INFO com.gruppeM.producer.ProducerApplication -- Sent to energy.input: EnergyMessage{type='PRODUCER', association='COMMUNITY', kwh=1.6000085205409882, datetime=2025-06-26T00:40:09.324722800Z}
02:40:09.325 [main] INFO com.gruppeM.producer.ProducerApplication -- Sent to energy.input: EnergyMessage{type='PRODUCER', association='COMMUNITY', kwh=1.9388658513087031, datetime=2025-06-26T00:40:09.325723800Z}
02:40:09.326 [main] INFO com.gruppeM.producer.ProducerApplication -- Sent to energy.input: EnergyMessage{type='PRODUCER', association='COMMUNITY', kwh=0.3128258375142634, datetime=2025-06-26T00:40:09.326224300Z}
02:40:09.327 [main] INFO com.gruppeM.producer.ProducerApplication -- Sent to energy.input: EnergyMessage{type='PRODUCER', association='COMMUNITY', kwh=0.47028456315331635, datetime=2025-06-26T00:40:09.327223200Z}
02:40:09.328 [main] INFO com.gruppeM.producer.ProducerApplication -- Sent to energy.input: EnergyMessage{type='PRODUCER', association='COMMUNITY', kwh=1.1747486059643304, datetime=2025-06-26T00:40:09.327722900Z}
02:40:09.328 [main] INFO com.gruppeM.producer.ProducerApplication -- Sent to energy.input: EnergyMessage{type='PRODUCER', association='COMMUNITY', kwh=1.179051924937952, datetime=2025-06-26T00:40:09.328722800Z}
02:40:09.329 [main] INFO com.gruppeM.producer.ProducerApplication -- Sent to energy.input: EnergyMessage{type='PRODUCER', association='COMMUNITY', kwh=1.9916277680706864, datetime=2025-06-26T00:40:09.329222300Z}
02:40:09.330 [main] INFO com.gruppeM.producer.ProducerApplication -- Sent to energy.input: EnergyMessage{type='PRODUCER', association='COMMUNITY', kwh=0.12653634640127343, datetime=2025-06-26T00:40:09.330224200Z}
02:40:09.331 [main] INFO com.gruppeM.producer.ProducerApplication -- Sent to energy.input: EnergyMessage{type='PRODUCER', association='COMMUNITY', kwh=0.060430729895263546, datetime=2025-06-26T00:40:09.330722500Z}
02:40:09.331 [main] INFO com.gruppeM.producer.ProducerApplication -- Sent to energy.input: EnergyMessage{type='PRODUCER', association='COMMUNITY', kwh=1.800326137952714, datetime=2025-06-26T00:40:09.331722800Z}
02:40:09.332 [main] INFO com.gruppeM.producer.ProducerApplication -- Sent to energy.input: EnergyMessage{type='PRODUCER', association='COMMUNITY', kwh=0.09926179646746203, datetime=2025-06-26T00:40:09.332222400Z}
02:40:09.333 [main] INFO com.gruppeM.producer.ProducerApplication -- Sent to energy.input: EnergyMessage{type='PRODUCER', association='COMMUNITY', kwh=0.02425430655841665, datetime=2025-06-26T00:40:09.332722300Z}
02:40:09.333 [main] INFO com.gruppeM.producer.ProducerApplication -- Sent to energy.input: EnergyMessage{type='PRODUCER', association='COMMUNITY', kwh=0.5733017605383106, datetime=2025-06-26T00:40:09.333723400Z}
02:40:09.334 [main] INFO com.gruppeM.producer.ProducerApplication -- Sent to energy.input: EnergyMessage{type='PRODUCER', association='COMMUNITY', kwh=1.313781426334915, datetime=2025-06-26T00:40:09.334723100Z}
]]></system-out>
  </testcase>
</testsuite>